Build started 04/09/2015 12:05:28 PM.
     1>Project "D:\B_Engine\B_Engine\B_Engine.vcxproj" on node 2 (build target(s)).
     1>PrepareForBuild:
         Creating directory "D:\B_Engine\Debug\".
       InitializeBuildStatus:
         Creating "Debug\B_Engine.unsuccessfulbuild" because "AlwaysCreate" was specified.
       ClCompile:
         c:\Program Files (x86)\Microsoft Visual Studio 10.0\VC\bin\CL.exe /c /IC:\Users\100485066\Desktop\B_Engine\B_Engine\includes /ZI /nologo /W3 /WX- /Od /Oy- /D SFML_STATIC /D GLEW_STATIC /D WIN32 /D _DEBUG /D _CONSOLE /D _UNICODE /D UNICODE /Gm /EHsc /RTC1 /MDd /GS /fp:precise /Zc:wchar_t /Zc:forScope /Fo"Debug\\" /Fd"Debug\vc100.pdb" /Gd /TP /analyze- /errorReport:prompt B_2D_Player.cpp B_Mat2.cpp B_Mat3.cpp B_Mat4.cpp B_Textures.cpp B_Vec2.cpp B_Vec3.cpp B_Vec4.cpp B_VertexBufferObj.cpp B_Window.cpp Camera2D.cpp Camera3D.cpp GLSLShader.cpp main.cpp ObjLoad.cpp prefabShapes.cpp Shiny_Boxes.cpp
         Shiny_Boxes.cpp
         prefabShapes.cpp
         ObjLoad.cpp
         main.cpp
         GLSLShader.cpp
         Camera3D.cpp
         Camera2D.cpp
         B_Window.cpp
         B_VertexBufferObj.cpp
         B_Vec4.cpp
         B_Vec3.cpp
         B_Vec2.cpp
         B_Textures.cpp
         B_Mat4.cpp
         B_Mat3.cpp
         B_Mat2.cpp
         B_2D_Player.cpp
         Generating Code...
       ManifestResourceCompile:
         c:\Program Files (x86)\Microsoft SDKs\Windows\v7.0A\bin\rc.exe /nologo /fo"Debug\B_Engine.exe.embed.manifest.res" Debug\B_Engine_manifest.rc 
       Link:
         c:\Program Files (x86)\Microsoft Visual Studio 10.0\VC\bin\link.exe /ERRORREPORT:PROMPT /OUT:"D:\B_Engine\Debug\B_Engine.exe" /INCREMENTAL /NOLOGO /LIBPATH:"C:\Program Files (x86)\freeglut\lib" /LIBPATH:C:\Users\100485066\Desktop\B_Engine\B_Engine\Shaders /LIBPATH:C:\Users\100485066\Desktop\B_Engine\B_Engine\libfiles /LIBPATH:C:\Users\100485066\Desktop\B_Engine\B_Engine\includes\FMod /LIBPATH:C:\Users\100485066\Desktop\B_Engine\B_Engine\includes\Fmodapi /LIBPATH:C:\Users\100485066\Desktop\B_Engine\B_Engine\includes\GLee /LIBPATH:C:\Users\100485066\Desktop\B_Engine\B_Engine\includes\SFML "sfml-graphics-s-d.lib" "sfml-window-s-d.lib" "sfml-system-s-d.lib" glew32.lib freeglut.lib freeglutd.lib GLee.lib GLU32.lib glut32.lib glu32.lib opengl32.lib kernel32.lib user32.lib gdi32.lib winspool.lib comdlg32.lib advapi32.lib shell32.lib ole32.lib oleaut32.lib uuid.lib odbc32.lib odbccp32.lib /NODEFAULTLIB:LIBC.lib /MANIFEST /ManifestFile:"Debug\B_Engine.exe.intermediate.manifest" /MANIFESTUAC:"level='asInvoker' uiAccess='false'" /DEBUG /PDB:"D:\B_Engine\Debug\B_Engine.pdb" /SUBSYSTEM:CONSOLE /TLBID:1 /DYNAMICBASE /NXCOMPAT /IMPLIB:"D:\B_Engine\Debug\B_Engine.lib" /MACHINE:X86 Debug\B_Engine.exe.embed.manifest.res
         Debug\B_2D_Player.obj
         Debug\B_Mat2.obj
         Debug\B_Mat3.obj
         Debug\B_Mat4.obj
         Debug\B_Textures.obj
         Debug\B_Vec2.obj
         Debug\B_Vec3.obj
         Debug\B_Vec4.obj
         Debug\B_VertexBufferObj.obj
         Debug\B_Window.obj
         Debug\Camera2D.obj
         Debug\Camera3D.obj
         Debug\GLSLShader.obj
         Debug\main.obj
         Debug\ObjLoad.obj
         Debug\prefabShapes.obj
         Debug\Shiny_Boxes.obj
     1>sfml-graphics-s-d.lib(Color.cpp.obj) : warning LNK4099: PDB 'sfml-graphics-s-d.pdb' was not found with 'sfml-graphics-s-d.lib(Color.cpp.obj)' or at 'D:\B_Engine\Debug\sfml-graphics-s-d.pdb'; linking object as if no debug info
     1>sfml-graphics-s-d.lib(GLCheck.cpp.obj) : warning LNK4099: PDB 'sfml-graphics-s-d.pdb' was not found with 'sfml-graphics-s-d.lib(GLCheck.cpp.obj)' or at 'D:\B_Engine\Debug\sfml-graphics-s-d.pdb'; linking object as if no debug info
     1>sfml-graphics-s-d.lib(Image.cpp.obj) : warning LNK4099: PDB 'sfml-graphics-s-d.pdb' was not found with 'sfml-graphics-s-d.lib(Image.cpp.obj)' or at 'D:\B_Engine\Debug\sfml-graphics-s-d.pdb'; linking object as if no debug info
     1>sfml-graphics-s-d.lib(ImageLoader.cpp.obj) : warning LNK4099: PDB 'sfml-graphics-s-d.pdb' was not found with 'sfml-graphics-s-d.lib(ImageLoader.cpp.obj)' or at 'D:\B_Engine\Debug\sfml-graphics-s-d.pdb'; linking object as if no debug info
     1>sfml-graphics-s-d.lib(RenderTarget.cpp.obj) : warning LNK4099: PDB 'sfml-graphics-s-d.pdb' was not found with 'sfml-graphics-s-d.lib(RenderTarget.cpp.obj)' or at 'D:\B_Engine\Debug\sfml-graphics-s-d.pdb'; linking object as if no debug info
     1>sfml-graphics-s-d.lib(RenderWindow.cpp.obj) : warning LNK4099: PDB 'sfml-graphics-s-d.pdb' was not found with 'sfml-graphics-s-d.lib(RenderWindow.cpp.obj)' or at 'D:\B_Engine\Debug\sfml-graphics-s-d.pdb'; linking object as if no debug info
     1>sfml-graphics-s-d.lib(Shader.cpp.obj) : warning LNK4099: PDB 'sfml-graphics-s-d.pdb' was not found with 'sfml-graphics-s-d.lib(Shader.cpp.obj)' or at 'D:\B_Engine\Debug\sfml-graphics-s-d.pdb'; linking object as if no debug info
     1>sfml-graphics-s-d.lib(Texture.cpp.obj) : warning LNK4099: PDB 'sfml-graphics-s-d.pdb' was not found with 'sfml-graphics-s-d.lib(Texture.cpp.obj)' or at 'D:\B_Engine\Debug\sfml-graphics-s-d.pdb'; linking object as if no debug info
     1>sfml-graphics-s-d.lib(TextureSaver.cpp.obj) : warning LNK4099: PDB 'sfml-graphics-s-d.pdb' was not found with 'sfml-graphics-s-d.lib(TextureSaver.cpp.obj)' or at 'D:\B_Engine\Debug\sfml-graphics-s-d.pdb'; linking object as if no debug info
     1>sfml-graphics-s-d.lib(Transform.cpp.obj) : warning LNK4099: PDB 'sfml-graphics-s-d.pdb' was not found with 'sfml-graphics-s-d.lib(Transform.cpp.obj)' or at 'D:\B_Engine\Debug\sfml-graphics-s-d.pdb'; linking object as if no debug info
     1>sfml-graphics-s-d.lib(View.cpp.obj) : warning LNK4099: PDB 'sfml-graphics-s-d.pdb' was not found with 'sfml-graphics-s-d.lib(View.cpp.obj)' or at 'D:\B_Engine\Debug\sfml-graphics-s-d.pdb'; linking object as if no debug info
     1>sfml-graphics-s-d.lib(Vertex.cpp.obj) : warning LNK4099: PDB 'sfml-graphics-s-d.pdb' was not found with 'sfml-graphics-s-d.lib(Vertex.cpp.obj)' or at 'D:\B_Engine\Debug\sfml-graphics-s-d.pdb'; linking object as if no debug info
     1>sfml-window-s-d.lib(GlContext.cpp.obj) : warning LNK4099: PDB 'sfml-window-s-d.pdb' was not found with 'sfml-window-s-d.lib(GlContext.cpp.obj)' or at 'D:\B_Engine\Debug\sfml-window-s-d.pdb'; linking object as if no debug info
     1>sfml-window-s-d.lib(GlResource.cpp.obj) : warning LNK4099: PDB 'sfml-window-s-d.pdb' was not found with 'sfml-window-s-d.lib(GlResource.cpp.obj)' or at 'D:\B_Engine\Debug\sfml-window-s-d.pdb'; linking object as if no debug info
     1>sfml-window-s-d.lib(JoystickManager.cpp.obj) : warning LNK4099: PDB 'sfml-window-s-d.pdb' was not found with 'sfml-window-s-d.lib(JoystickManager.cpp.obj)' or at 'D:\B_Engine\Debug\sfml-window-s-d.pdb'; linking object as if no debug info
     1>sfml-window-s-d.lib(Mouse.cpp.obj) : warning LNK4099: PDB 'sfml-window-s-d.pdb' was not found with 'sfml-window-s-d.lib(Mouse.cpp.obj)' or at 'D:\B_Engine\Debug\sfml-window-s-d.pdb'; linking object as if no debug info
     1>sfml-window-s-d.lib(VideoMode.cpp.obj) : warning LNK4099: PDB 'sfml-window-s-d.pdb' was not found with 'sfml-window-s-d.lib(VideoMode.cpp.obj)' or at 'D:\B_Engine\Debug\sfml-window-s-d.pdb'; linking object as if no debug info
     1>sfml-window-s-d.lib(Window.cpp.obj) : warning LNK4099: PDB 'sfml-window-s-d.pdb' was not found with 'sfml-window-s-d.lib(Window.cpp.obj)' or at 'D:\B_Engine\Debug\sfml-window-s-d.pdb'; linking object as if no debug info
     1>sfml-window-s-d.lib(WindowImpl.cpp.obj) : warning LNK4099: PDB 'sfml-window-s-d.pdb' was not found with 'sfml-window-s-d.lib(WindowImpl.cpp.obj)' or at 'D:\B_Engine\Debug\sfml-window-s-d.pdb'; linking object as if no debug info
     1>sfml-window-s-d.lib(WglContext.cpp.obj) : warning LNK4099: PDB 'sfml-window-s-d.pdb' was not found with 'sfml-window-s-d.lib(WglContext.cpp.obj)' or at 'D:\B_Engine\Debug\sfml-window-s-d.pdb'; linking object as if no debug info
     1>sfml-window-s-d.lib(InputImpl.cpp.obj) : warning LNK4099: PDB 'sfml-window-s-d.pdb' was not found with 'sfml-window-s-d.lib(InputImpl.cpp.obj)' or at 'D:\B_Engine\Debug\sfml-window-s-d.pdb'; linking object as if no debug info
     1>sfml-window-s-d.lib(JoystickImpl.cpp.obj) : warning LNK4099: PDB 'sfml-window-s-d.pdb' was not found with 'sfml-window-s-d.lib(JoystickImpl.cpp.obj)' or at 'D:\B_Engine\Debug\sfml-window-s-d.pdb'; linking object as if no debug info
     1>sfml-window-s-d.lib(VideoModeImpl.cpp.obj) : warning LNK4099: PDB 'sfml-window-s-d.pdb' was not found with 'sfml-window-s-d.lib(VideoModeImpl.cpp.obj)' or at 'D:\B_Engine\Debug\sfml-window-s-d.pdb'; linking object as if no debug info
     1>sfml-window-s-d.lib(WindowImplWin32.cpp.obj) : warning LNK4099: PDB 'sfml-window-s-d.pdb' was not found with 'sfml-window-s-d.lib(WindowImplWin32.cpp.obj)' or at 'D:\B_Engine\Debug\sfml-window-s-d.pdb'; linking object as if no debug info
     1>sfml-system-s-d.lib(Clock.cpp.obj) : warning LNK4099: PDB 'sfml-system-s-d.pdb' was not found with 'sfml-system-s-d.lib(Clock.cpp.obj)' or at 'D:\B_Engine\Debug\sfml-system-s-d.pdb'; linking object as if no debug info
     1>sfml-system-s-d.lib(Err.cpp.obj) : warning LNK4099: PDB 'sfml-system-s-d.pdb' was not found with 'sfml-system-s-d.lib(Err.cpp.obj)' or at 'D:\B_Engine\Debug\sfml-system-s-d.pdb'; linking object as if no debug info
     1>sfml-system-s-d.lib(Lock.cpp.obj) : warning LNK4099: PDB 'sfml-system-s-d.pdb' was not found with 'sfml-system-s-d.lib(Lock.cpp.obj)' or at 'D:\B_Engine\Debug\sfml-system-s-d.pdb'; linking object as if no debug info
     1>sfml-system-s-d.lib(Mutex.cpp.obj) : warning LNK4099: PDB 'sfml-system-s-d.pdb' was not found with 'sfml-system-s-d.lib(Mutex.cpp.obj)' or at 'D:\B_Engine\Debug\sfml-system-s-d.pdb'; linking object as if no debug info
     1>sfml-system-s-d.lib(Sleep.cpp.obj) : warning LNK4099: PDB 'sfml-system-s-d.pdb' was not found with 'sfml-system-s-d.lib(Sleep.cpp.obj)' or at 'D:\B_Engine\Debug\sfml-system-s-d.pdb'; linking object as if no debug info
     1>sfml-system-s-d.lib(String.cpp.obj) : warning LNK4099: PDB 'sfml-system-s-d.pdb' was not found with 'sfml-system-s-d.lib(String.cpp.obj)' or at 'D:\B_Engine\Debug\sfml-system-s-d.pdb'; linking object as if no debug info
     1>sfml-system-s-d.lib(ThreadLocal.cpp.obj) : warning LNK4099: PDB 'sfml-system-s-d.pdb' was not found with 'sfml-system-s-d.lib(ThreadLocal.cpp.obj)' or at 'D:\B_Engine\Debug\sfml-system-s-d.pdb'; linking object as if no debug info
     1>sfml-system-s-d.lib(Time.cpp.obj) : warning LNK4099: PDB 'sfml-system-s-d.pdb' was not found with 'sfml-system-s-d.lib(Time.cpp.obj)' or at 'D:\B_Engine\Debug\sfml-system-s-d.pdb'; linking object as if no debug info
     1>sfml-system-s-d.lib(ClockImpl.cpp.obj) : warning LNK4099: PDB 'sfml-system-s-d.pdb' was not found with 'sfml-system-s-d.lib(ClockImpl.cpp.obj)' or at 'D:\B_Engine\Debug\sfml-system-s-d.pdb'; linking object as if no debug info
     1>sfml-system-s-d.lib(MutexImpl.cpp.obj) : warning LNK4099: PDB 'sfml-system-s-d.pdb' was not found with 'sfml-system-s-d.lib(MutexImpl.cpp.obj)' or at 'D:\B_Engine\Debug\sfml-system-s-d.pdb'; linking object as if no debug info
     1>sfml-system-s-d.lib(SleepImpl.cpp.obj) : warning LNK4099: PDB 'sfml-system-s-d.pdb' was not found with 'sfml-system-s-d.lib(SleepImpl.cpp.obj)' or at 'D:\B_Engine\Debug\sfml-system-s-d.pdb'; linking object as if no debug info
     1>sfml-system-s-d.lib(ThreadLocalImpl.cpp.obj) : warning LNK4099: PDB 'sfml-system-s-d.pdb' was not found with 'sfml-system-s-d.lib(ThreadLocalImpl.cpp.obj)' or at 'D:\B_Engine\Debug\sfml-system-s-d.pdb'; linking object as if no debug info
       Manifest:
         c:\Program Files (x86)\Microsoft SDKs\Windows\v7.0A\bin\mt.exe /nologo /verbose /out:"Debug\B_Engine.exe.embed.manifest" /manifest Debug\B_Engine.exe.intermediate.manifest
         c:\Program Files (x86)\Microsoft SDKs\Windows\v7.0A\bin\rc.exe /nologo /fo"Debug\B_Engine.exe.embed.manifest.res" Debug\B_Engine_manifest.rc 
       LinkEmbedManifest:
         c:\Program Files (x86)\Microsoft Visual Studio 10.0\VC\bin\link.exe /ERRORREPORT:PROMPT /OUT:"D:\B_Engine\Debug\B_Engine.exe" /INCREMENTAL /NOLOGO /LIBPATH:"C:\Program Files (x86)\freeglut\lib" /LIBPATH:C:\Users\100485066\Desktop\B_Engine\B_Engine\Shaders /LIBPATH:C:\Users\100485066\Desktop\B_Engine\B_Engine\libfiles /LIBPATH:C:\Users\100485066\Desktop\B_Engine\B_Engine\includes\FMod /LIBPATH:C:\Users\100485066\Desktop\B_Engine\B_Engine\includes\Fmodapi /LIBPATH:C:\Users\100485066\Desktop\B_Engine\B_Engine\includes\GLee /LIBPATH:C:\Users\100485066\Desktop\B_Engine\B_Engine\includes\SFML "sfml-graphics-s-d.lib" "sfml-window-s-d.lib" "sfml-system-s-d.lib" glew32.lib freeglut.lib freeglutd.lib GLee.lib GLU32.lib glut32.lib glu32.lib opengl32.lib kernel32.lib user32.lib gdi32.lib winspool.lib comdlg32.lib advapi32.lib shell32.lib ole32.lib oleaut32.lib uuid.lib odbc32.lib odbccp32.lib /NODEFAULTLIB:LIBC.lib /MANIFEST /ManifestFile:"Debug\B_Engine.exe.intermediate.manifest" /MANIFESTUAC:"level='asInvoker' uiAccess='false'" /DEBUG /PDB:"D:\B_Engine\Debug\B_Engine.pdb" /SUBSYSTEM:CONSOLE /TLBID:1 /DYNAMICBASE /NXCOMPAT /IMPLIB:"D:\B_Engine\Debug\B_Engine.lib" /MACHINE:X86 Debug\B_Engine.exe.embed.manifest.res
         Debug\B_2D_Player.obj
         Debug\B_Mat2.obj
         Debug\B_Mat3.obj
         Debug\B_Mat4.obj
         Debug\B_Textures.obj
         Debug\B_Vec2.obj
         Debug\B_Vec3.obj
         Debug\B_Vec4.obj
         Debug\B_VertexBufferObj.obj
         Debug\B_Window.obj
         Debug\Camera2D.obj
         Debug\Camera3D.obj
         Debug\GLSLShader.obj
         Debug\main.obj
         Debug\ObjLoad.obj
         Debug\prefabShapes.obj
         Debug\Shiny_Boxes.obj
     1>sfml-graphics-s-d.lib(Color.cpp.obj) : warning LNK4099: PDB 'sfml-graphics-s-d.pdb' was not found with 'sfml-graphics-s-d.lib(Color.cpp.obj)' or at 'D:\B_Engine\Debug\sfml-graphics-s-d.pdb'; linking object as if no debug info
     1>sfml-graphics-s-d.lib(GLCheck.cpp.obj) : warning LNK4099: PDB 'sfml-graphics-s-d.pdb' was not found with 'sfml-graphics-s-d.lib(GLCheck.cpp.obj)' or at 'D:\B_Engine\Debug\sfml-graphics-s-d.pdb'; linking object as if no debug info
     1>sfml-graphics-s-d.lib(Image.cpp.obj) : warning LNK4099: PDB 'sfml-graphics-s-d.pdb' was not found with 'sfml-graphics-s-d.lib(Image.cpp.obj)' or at 'D:\B_Engine\Debug\sfml-graphics-s-d.pdb'; linking object as if no debug info
     1>sfml-graphics-s-d.lib(ImageLoader.cpp.obj) : warning LNK4099: PDB 'sfml-graphics-s-d.pdb' was not found with 'sfml-graphics-s-d.lib(ImageLoader.cpp.obj)' or at 'D:\B_Engine\Debug\sfml-graphics-s-d.pdb'; linking object as if no debug info
     1>sfml-graphics-s-d.lib(RenderTarget.cpp.obj) : warning LNK4099: PDB 'sfml-graphics-s-d.pdb' was not found with 'sfml-graphics-s-d.lib(RenderTarget.cpp.obj)' or at 'D:\B_Engine\Debug\sfml-graphics-s-d.pdb'; linking object as if no debug info
     1>sfml-graphics-s-d.lib(RenderWindow.cpp.obj) : warning LNK4099: PDB 'sfml-graphics-s-d.pdb' was not found with 'sfml-graphics-s-d.lib(RenderWindow.cpp.obj)' or at 'D:\B_Engine\Debug\sfml-graphics-s-d.pdb'; linking object as if no debug info
     1>sfml-graphics-s-d.lib(Shader.cpp.obj) : warning LNK4099: PDB 'sfml-graphics-s-d.pdb' was not found with 'sfml-graphics-s-d.lib(Shader.cpp.obj)' or at 'D:\B_Engine\Debug\sfml-graphics-s-d.pdb'; linking object as if no debug info
     1>sfml-graphics-s-d.lib(Texture.cpp.obj) : warning LNK4099: PDB 'sfml-graphics-s-d.pdb' was not found with 'sfml-graphics-s-d.lib(Texture.cpp.obj)' or at 'D:\B_Engine\Debug\sfml-graphics-s-d.pdb'; linking object as if no debug info
     1>sfml-graphics-s-d.lib(TextureSaver.cpp.obj) : warning LNK4099: PDB 'sfml-graphics-s-d.pdb' was not found with 'sfml-graphics-s-d.lib(TextureSaver.cpp.obj)' or at 'D:\B_Engine\Debug\sfml-graphics-s-d.pdb'; linking object as if no debug info
     1>sfml-graphics-s-d.lib(Transform.cpp.obj) : warning LNK4099: PDB 'sfml-graphics-s-d.pdb' was not found with 'sfml-graphics-s-d.lib(Transform.cpp.obj)' or at 'D:\B_Engine\Debug\sfml-graphics-s-d.pdb'; linking object as if no debug info
     1>sfml-graphics-s-d.lib(View.cpp.obj) : warning LNK4099: PDB 'sfml-graphics-s-d.pdb' was not found with 'sfml-graphics-s-d.lib(View.cpp.obj)' or at 'D:\B_Engine\Debug\sfml-graphics-s-d.pdb'; linking object as if no debug info
     1>sfml-graphics-s-d.lib(Vertex.cpp.obj) : warning LNK4099: PDB 'sfml-graphics-s-d.pdb' was not found with 'sfml-graphics-s-d.lib(Vertex.cpp.obj)' or at 'D:\B_Engine\Debug\sfml-graphics-s-d.pdb'; linking object as if no debug info
     1>sfml-window-s-d.lib(GlContext.cpp.obj) : warning LNK4099: PDB 'sfml-window-s-d.pdb' was not found with 'sfml-window-s-d.lib(GlContext.cpp.obj)' or at 'D:\B_Engine\Debug\sfml-window-s-d.pdb'; linking object as if no debug info
     1>sfml-window-s-d.lib(GlResource.cpp.obj) : warning LNK4099: PDB 'sfml-window-s-d.pdb' was not found with 'sfml-window-s-d.lib(GlResource.cpp.obj)' or at 'D:\B_Engine\Debug\sfml-window-s-d.pdb'; linking object as if no debug info
     1>sfml-window-s-d.lib(JoystickManager.cpp.obj) : warning LNK4099: PDB 'sfml-window-s-d.pdb' was not found with 'sfml-window-s-d.lib(JoystickManager.cpp.obj)' or at 'D:\B_Engine\Debug\sfml-window-s-d.pdb'; linking object as if no debug info
     1>sfml-window-s-d.lib(Mouse.cpp.obj) : warning LNK4099: PDB 'sfml-window-s-d.pdb' was not found with 'sfml-window-s-d.lib(Mouse.cpp.obj)' or at 'D:\B_Engine\Debug\sfml-window-s-d.pdb'; linking object as if no debug info
     1>sfml-window-s-d.lib(VideoMode.cpp.obj) : warning LNK4099: PDB 'sfml-window-s-d.pdb' was not found with 'sfml-window-s-d.lib(VideoMode.cpp.obj)' or at 'D:\B_Engine\Debug\sfml-window-s-d.pdb'; linking object as if no debug info
     1>sfml-window-s-d.lib(Window.cpp.obj) : warning LNK4099: PDB 'sfml-window-s-d.pdb' was not found with 'sfml-window-s-d.lib(Window.cpp.obj)' or at 'D:\B_Engine\Debug\sfml-window-s-d.pdb'; linking object as if no debug info
     1>sfml-window-s-d.lib(WindowImpl.cpp.obj) : warning LNK4099: PDB 'sfml-window-s-d.pdb' was not found with 'sfml-window-s-d.lib(WindowImpl.cpp.obj)' or at 'D:\B_Engine\Debug\sfml-window-s-d.pdb'; linking object as if no debug info
     1>sfml-window-s-d.lib(WglContext.cpp.obj) : warning LNK4099: PDB 'sfml-window-s-d.pdb' was not found with 'sfml-window-s-d.lib(WglContext.cpp.obj)' or at 'D:\B_Engine\Debug\sfml-window-s-d.pdb'; linking object as if no debug info
     1>sfml-window-s-d.lib(InputImpl.cpp.obj) : warning LNK4099: PDB 'sfml-window-s-d.pdb' was not found with 'sfml-window-s-d.lib(InputImpl.cpp.obj)' or at 'D:\B_Engine\Debug\sfml-window-s-d.pdb'; linking object as if no debug info
     1>sfml-window-s-d.lib(JoystickImpl.cpp.obj) : warning LNK4099: PDB 'sfml-window-s-d.pdb' was not found with 'sfml-window-s-d.lib(JoystickImpl.cpp.obj)' or at 'D:\B_Engine\Debug\sfml-window-s-d.pdb'; linking object as if no debug info
     1>sfml-window-s-d.lib(VideoModeImpl.cpp.obj) : warning LNK4099: PDB 'sfml-window-s-d.pdb' was not found with 'sfml-window-s-d.lib(VideoModeImpl.cpp.obj)' or at 'D:\B_Engine\Debug\sfml-window-s-d.pdb'; linking object as if no debug info
     1>sfml-window-s-d.lib(WindowImplWin32.cpp.obj) : warning LNK4099: PDB 'sfml-window-s-d.pdb' was not found with 'sfml-window-s-d.lib(WindowImplWin32.cpp.obj)' or at 'D:\B_Engine\Debug\sfml-window-s-d.pdb'; linking object as if no debug info
     1>sfml-system-s-d.lib(Clock.cpp.obj) : warning LNK4099: PDB 'sfml-system-s-d.pdb' was not found with 'sfml-system-s-d.lib(Clock.cpp.obj)' or at 'D:\B_Engine\Debug\sfml-system-s-d.pdb'; linking object as if no debug info
     1>sfml-system-s-d.lib(Err.cpp.obj) : warning LNK4099: PDB 'sfml-system-s-d.pdb' was not found with 'sfml-system-s-d.lib(Err.cpp.obj)' or at 'D:\B_Engine\Debug\sfml-system-s-d.pdb'; linking object as if no debug info
     1>sfml-system-s-d.lib(Lock.cpp.obj) : warning LNK4099: PDB 'sfml-system-s-d.pdb' was not found with 'sfml-system-s-d.lib(Lock.cpp.obj)' or at 'D:\B_Engine\Debug\sfml-system-s-d.pdb'; linking object as if no debug info
     1>sfml-system-s-d.lib(Mutex.cpp.obj) : warning LNK4099: PDB 'sfml-system-s-d.pdb' was not found with 'sfml-system-s-d.lib(Mutex.cpp.obj)' or at 'D:\B_Engine\Debug\sfml-system-s-d.pdb'; linking object as if no debug info
     1>sfml-system-s-d.lib(Sleep.cpp.obj) : warning LNK4099: PDB 'sfml-system-s-d.pdb' was not found with 'sfml-system-s-d.lib(Sleep.cpp.obj)' or at 'D:\B_Engine\Debug\sfml-system-s-d.pdb'; linking object as if no debug info
     1>sfml-system-s-d.lib(String.cpp.obj) : warning LNK4099: PDB 'sfml-system-s-d.pdb' was not found with 'sfml-system-s-d.lib(String.cpp.obj)' or at 'D:\B_Engine\Debug\sfml-system-s-d.pdb'; linking object as if no debug info
     1>sfml-system-s-d.lib(ThreadLocal.cpp.obj) : warning LNK4099: PDB 'sfml-system-s-d.pdb' was not found with 'sfml-system-s-d.lib(ThreadLocal.cpp.obj)' or at 'D:\B_Engine\Debug\sfml-system-s-d.pdb'; linking object as if no debug info
     1>sfml-system-s-d.lib(Time.cpp.obj) : warning LNK4099: PDB 'sfml-system-s-d.pdb' was not found with 'sfml-system-s-d.lib(Time.cpp.obj)' or at 'D:\B_Engine\Debug\sfml-system-s-d.pdb'; linking object as if no debug info
     1>sfml-system-s-d.lib(ClockImpl.cpp.obj) : warning LNK4099: PDB 'sfml-system-s-d.pdb' was not found with 'sfml-system-s-d.lib(ClockImpl.cpp.obj)' or at 'D:\B_Engine\Debug\sfml-system-s-d.pdb'; linking object as if no debug info
     1>sfml-system-s-d.lib(MutexImpl.cpp.obj) : warning LNK4099: PDB 'sfml-system-s-d.pdb' was not found with 'sfml-system-s-d.lib(MutexImpl.cpp.obj)' or at 'D:\B_Engine\Debug\sfml-system-s-d.pdb'; linking object as if no debug info
     1>sfml-system-s-d.lib(SleepImpl.cpp.obj) : warning LNK4099: PDB 'sfml-system-s-d.pdb' was not found with 'sfml-system-s-d.lib(SleepImpl.cpp.obj)' or at 'D:\B_Engine\Debug\sfml-system-s-d.pdb'; linking object as if no debug info
     1>sfml-system-s-d.lib(ThreadLocalImpl.cpp.obj) : warning LNK4099: PDB 'sfml-system-s-d.pdb' was not found with 'sfml-system-s-d.lib(ThreadLocalImpl.cpp.obj)' or at 'D:\B_Engine\Debug\sfml-system-s-d.pdb'; linking object as if no debug info
         B_Engine.vcxproj -> D:\B_Engine\Debug\B_Engine.exe
       FinalizeBuildStatus:
         Deleting file "Debug\B_Engine.unsuccessfulbuild".
         Touching "Debug\B_Engine.lastbuildstate".
     1>Done Building Project "D:\B_Engine\B_Engine\B_Engine.vcxproj" (build target(s)).

Build succeeded.

Time Elapsed 00:00:16.32
